⚔️ [T1059.001] PowerShell Execution => powershell.exe
⚔️ [T1003] Credential Dumping => mimikatz
⚔️ [T1547] Boot or Logon Autostart Execution => autorun.inf
⚔️ [T1053.005] Scheduled Task - Windows => schtasks /create
⚔️ [T1547.001] Registry Run Keys => HKCU\Software\Microsoft\Windows\CurrentVersion\Run\runonce
⚔️ [T1059.001] PowerShell Execution => powershell.exe
⚔️ [T1003] Credential Dumping => mimikatz
⚔️ [T1547] Boot or Logon Autostart Execution => autorun.inf
⚔️ [T1053.005] Scheduled Task - Windows => schtasks /create
⚔️ [T1547.001] Registry Run Keys => HKCU\Software\Microsoft\Windows\CurrentVersion\Run\runonce
⚔️ [T1059.001] PowerShell Execution => powershell.exe
⚔️ [T1003] Credential Dumping => mimikatz
⚔️ [T1547] Boot or Logon Autostart Execution => autorun.inf
⚔️ [T1053.005] Scheduled Task - Windows => schtasks /create
⚔️ [T1547.001] Registry Run Keys => HKCU\Software\Microsoft\Windows\CurrentVersion\Run\runonce
⚔️ [T1059.001] PowerShell Execution => powershell.exe
⚔️ [T1003] Credential Dumping => mimikatz
⚔️ [T1547] Boot or Logon Autostart Execution => autorun.inf
⚔️ [T1053.005] Scheduled Task - Windows => schtasks /create
⚔️ [T1547.001] Registry Run Keys => HKCU\Software\Microsoft\Windows\CurrentVersion\Run\runonce
⚔️ [T1059.001] PowerShell Execution => powershell.exe
⚔️ [T1003] Credential Dumping => mimikatz
⚔️ [T1547] Boot or Logon Autostart Execution => autorun.inf
⚔️ [T1053.005] Scheduled Task - Windows => schtasks /create
⚔️ [T1547.001] Registry Run Keys => HKCU\Software\Microsoft\Windows\CurrentVersion\Run\runonce
